<?xml version="1.0" encoding="UTF-8"?>
<!-- Generated by org.testng.reporters.JUnitXMLReporter -->
<testsuite ignored="0" hostname="Manaskutty" failures="0" tests="2" name="Error message validations(failed)" time="62.845" errors="0" timestamp="2025-05-19T10:32:02 IST">
  <testcase classname="MJacademy.test.Errormessageval" name="loginerrval" time="5.814"/>
  <testcase classname="MJacademy.test.Errormessageval" name="producterrval" time="14.494"/>
</testsuite> <!-- Error message validations(failed) -->
