<?xml version="1.0" encoding="UTF-8"?>
<testng-results ignored="0" total="4" passed="4" failed="0" skipped="0">
  <reporter-output>
  </reporter-output>
  <suite started-at="2025-05-27T18:40:48 IST" name="Suite" finished-at="2025-05-27T18:41:31 IST" duration-ms="42334">
    <groups>
      <group name="Errormessage">
        <method signature="Errormessageval.loginerrval()[pri:0, instance:MJacademy.test.Errormessageval@604f2bd2]" name="loginerrval" class="MJacademy.test.Errormessageval"/>
      </group> <!-- Errormessage -->
    </groups>
    <test started-at="2025-05-27T18:40:48 IST" name="Error message validations" finished-at="2025-05-27T18:41:23 IST" duration-ms="34294">
      <class name="MJacademy.test.Errormessageval">
        <test-method is-config="true" signature="launchapplication()[pri:0, instance:MJacademy.test.Errormessageval@604f2bd2]" started-at="2025-05-27T18:40:48 IST" name="launchapplication" finished-at="2025-05-27T18:41:02 IST" duration-ms="13983" status="PASS">
          <reporter-output>
          </reporter-output>
        </test-method> <!-- launchapplication -->
        <test-method signature="loginerrval()[pri:0, instance:MJacademy.test.Errormessageval@604f2bd2]" started-at="2025-05-27T18:41:02 IST" name="loginerrval" finished-at="2025-05-27T18:41:06 IST" duration-ms="3167" status="PASS">
          <reporter-output>
          </reporter-output>
        </test-method> <!-- loginerrval -->
        <test-method is-config="true" signature="closebrowser()[pri:0, instance:MJacademy.test.Errormessageval@604f2bd2]" started-at="2025-05-27T18:41:06 IST" name="closebrowser" finished-at="2025-05-27T18:41:07 IST" duration-ms="1222" status="PASS">
          <reporter-output>
          </reporter-output>
        </test-method> <!-- closebrowser -->
        <test-method is-config="true" signature="launchapplication()[pri:0, instance:MJacademy.test.Errormessageval@604f2bd2]" started-at="2025-05-27T18:41:07 IST" name="launchapplication" finished-at="2025-05-27T18:41:17 IST" duration-ms="9607" status="PASS">
          <reporter-output>
          </reporter-output>
        </test-method> <!-- launchapplication -->
        <test-method signature="producterrval()[pri:0, instance:MJacademy.test.Errormessageval@604f2bd2]" started-at="2025-05-27T18:41:17 IST" name="producterrval" finished-at="2025-05-27T18:41:22 IST" duration-ms="5211" status="PASS">
          <reporter-output>
          </reporter-output>
        </test-method> <!-- producterrval -->
        <test-method is-config="true" signature="closebrowser()[pri:0, instance:MJacademy.test.Errormessageval@604f2bd2]" started-at="2025-05-27T18:41:22 IST" name="closebrowser" finished-at="2025-05-27T18:41:23 IST" duration-ms="869" status="PASS">
          <reporter-output>
          </reporter-output>
        </test-method> <!-- closebrowser -->
      </class> <!-- MJacademy.test.Errormessageval -->
    </test> <!-- Error message validations -->
    <test started-at="2025-05-27T18:40:48 IST" name="Sumbit order flow" finished-at="2025-05-27T18:41:31 IST" duration-ms="42334">
      <class name="MJacademy.test.Submitorderflow">
        <test-method is-config="true" signature="launchapplication()[pri:0, instance:MJacademy.test.Submitorderflow@7862f56]" started-at="2025-05-27T18:40:48 IST" name="launchapplication" finished-at="2025-05-27T18:41:02 IST" duration-ms="13970" status="PASS">
          <reporter-output>
          </reporter-output>
        </test-method> <!-- launchapplication -->
        <test-method signature="submitorder()[pri:0, instance:MJacademy.test.Submitorderflow@7862f56]" started-at="2025-05-27T18:41:02 IST" name="submitorder" finished-at="2025-05-27T18:41:19 IST" duration-ms="16560" status="PASS">
          <reporter-output>
          </reporter-output>
        </test-method> <!-- submitorder -->
        <test-method is-config="true" signature="closebrowser()[pri:0, instance:MJacademy.test.Submitorderflow@7862f56]" started-at="2025-05-27T18:41:19 IST" name="closebrowser" finished-at="2025-05-27T18:41:20 IST" duration-ms="985" status="PASS">
          <reporter-output>
          </reporter-output>
        </test-method> <!-- closebrowser -->
        <test-method is-config="true" signature="launchapplication()[pri:0, instance:MJacademy.test.Submitorderflow@7862f56]" started-at="2025-05-27T18:41:20 IST" name="launchapplication" finished-at="2025-05-27T18:41:28 IST" duration-ms="7772" status="PASS">
          <reporter-output>
          </reporter-output>
        </test-method> <!-- launchapplication -->
        <test-method signature="Orderhistroy()[pri:0, instance:MJacademy.test.Submitorderflow@7862f56]" started-at="2025-05-27T18:41:28 IST" name="Orderhistroy" finished-at="2025-05-27T18:41:30 IST" depends-on-methods="MJacademy.test.Submitorderflow.submitorder" duration-ms="2330" status="PASS">
          <reporter-output>
          </reporter-output>
        </test-method> <!-- Orderhistroy -->
        <test-method is-config="true" signature="closebrowser()[pri:0, instance:MJacademy.test.Submitorderflow@7862f56]" started-at="2025-05-27T18:41:30 IST" name="closebrowser" finished-at="2025-05-27T18:41:31 IST" duration-ms="531" status="PASS">
          <reporter-output>
          </reporter-output>
        </test-method> <!-- closebrowser -->
      </class> <!-- MJacademy.test.Submitorderflow -->
    </test> <!-- Sumbit order flow -->
  </suite> <!-- Suite -->
</testng-results>
